<?xml version="1.0" encoding="UTF-8"?>
<testng-results skipped="10" failed="1" ignored="1" total="21" passed="9">
  <reporter-output>
  </reporter-output>
  <suite name="Suite" duration-ms="55591" started-at="2020-10-10T08:23:10Z" finished-at="2020-10-10T08:24:05Z">
    <groups>
      <group name="functional">
        <method signature="HotelBooking.booking(java.lang.String, java.lang.String, java.lang.String, java.lang.String, java.lang.String, java.lang.String, java.lang.String, java.lang.String, java.lang.String, java.lang.String, java.lang.String, java.lang.String, java.lang.String, java.lang.String, java.lang.String, java.lang.String, java.lang.String)[pri:-1, instance:org.base.test.HotelBooking@5442a311]" name="booking" class="org.base.test.HotelBooking"/>
        <method signature="HotelBooking.testB()[pri:1, instance:org.base.test.HotelBooking@5442a311]" name="testB" class="org.base.test.HotelBooking"/>
        <method signature="HotelBooking.testD()[pri:2, instance:org.base.test.HotelBooking@5442a311]" name="testD" class="org.base.test.HotelBooking"/>
      </group> <!-- functional -->
      <group name="smoke">
        <method signature="HotelBooking.testB()[pri:1, instance:org.base.test.HotelBooking@5442a311]" name="testB" class="org.base.test.HotelBooking"/>
      </group> <!-- smoke -->
    </groups>
    <test name="ChromeTest" duration-ms="55591" started-at="2020-10-10T08:23:10Z" finished-at="2020-10-10T08:24:05Z">
      <class name="org.base.test.HotelBooking">
        <test-method status="PASS" signature="launchBrowser(java.lang.String)[pri:0, instance:org.base.test.HotelBooking@5442a311]" name="launchBrowser" is-config="true" duration-ms="4204" started-at="2020-10-10T08:23:10Z" finished-at="2020-10-10T08:23:14Z">
          <params>
            <param index="0">
              <value>
                <![CDATA[chrome]]>
              </value>
            </param>
          </params>
          <reporter-output>
          </reporter-output>
        </test-method> <!-- launchBrowser -->
        <test-method status="PASS" signature="launchHotelUrl(java.lang.String)[pri:0, instance:org.base.test.HotelBooking@5442a311]" name="launchHotelUrl" is-config="true" duration-ms="6942" started-at="2020-10-10T08:23:14Z" finished-at="2020-10-10T08:23:21Z">
          <params>
            <param index="0">
              <value>
                <![CDATA[https://adactinhotelapp.com/]]>
              </value>
            </param>
          </params>
          <reporter-output>
          </reporter-output>
        </test-method> <!-- launchHotelUrl -->
        <test-method status="PASS" signature="booking(java.lang.String, java.lang.String, java.lang.String, java.lang.String, java.lang.String, java.lang.String, java.lang.String, java.lang.String, java.lang.String, java.lang.String, java.lang.String, java.lang.String, java.lang.String, java.lang.String, java.lang.String, java.lang.String, java.lang.String)[pri:-1, instance:org.base.test.HotelBooking@5442a311]" name="booking" duration-ms="11162" started-at="2020-10-10T08:23:21Z" data-provider="data" finished-at="2020-10-10T08:23:32Z">
          <params>
            <param index="0">
              <value>
                <![CDATA[sripriya02]]>
              </value>
            </param>
            <param index="1">
              <value>
                <![CDATA[W5K24G]]>
              </value>
            </param>
            <param index="2">
              <value>
                <![CDATA[Sydney]]>
              </value>
            </param>
            <param index="3">
              <value>
                <![CDATA[Hotel Hervey]]>
              </value>
            </param>
            <param index="4">
              <value>
                <![CDATA[Standard]]>
              </value>
            </param>
            <param index="5">
              <value>
                <![CDATA[5 - Five]]>
              </value>
            </param>
            <param index="6">
              <value>
                <![CDATA[2 - Two]]>
              </value>
            </param>
            <param index="7">
              <value>
                <![CDATA[2 - Two]]>
              </value>
            </param>
            <param index="8">
              <value>
                <![CDATA[sri]]>
              </value>
            </param>
            <param index="9">
              <value>
                <![CDATA[priya]]>
              </value>
            </param>
            <param index="10">
              <value>
                <![CDATA[chennai]]>
              </value>
            </param>
            <param index="11">
              <value>
                <![CDATA[1234567894327780]]>
              </value>
            </param>
            <param index="12">
              <value>
                <![CDATA[VISA]]>
              </value>
            </param>
            <param index="13">
              <value>
                <![CDATA[March]]>
              </value>
            </param>
            <param index="14">
              <value>
                <![CDATA[2022]]>
              </value>
            </param>
            <param index="15">
              <value>
                <![CDATA[1236]]>
              </value>
            </param>
            <param index="16">
              <value>
                <![CDATA[firstorder]]>
              </value>
            </param>
          </params>
          <reporter-output>
          </reporter-output>
        </test-method> <!-- booking -->
        <test-method status="PASS" signature="launchHotelUrl(java.lang.String)[pri:0, instance:org.base.test.HotelBooking@5442a311]" name="launchHotelUrl" is-config="true" duration-ms="317" started-at="2020-10-10T08:23:32Z" finished-at="2020-10-10T08:23:32Z">
          <params>
            <param index="0">
              <value>
                <![CDATA[https://adactinhotelapp.com/]]>
              </value>
            </param>
          </params>
          <reporter-output>
          </reporter-output>
        </test-method> <!-- launchHotelUrl -->
        <test-method status="PASS" signature="booking(java.lang.String, java.lang.String, java.lang.String, java.lang.String, java.lang.String, java.lang.String, java.lang.String, java.lang.String, java.lang.String, java.lang.String, java.lang.String, java.lang.String, java.lang.String, java.lang.String, java.lang.String, java.lang.String, java.lang.String)[pri:-1, instance:org.base.test.HotelBooking@5442a311]" name="booking" duration-ms="9868" started-at="2020-10-10T08:23:32Z" data-provider="data" finished-at="2020-10-10T08:23:42Z">
          <params>
            <param index="0">
              <value>
                <![CDATA[sripriya02]]>
              </value>
            </param>
            <param index="1">
              <value>
                <![CDATA[W5K24G]]>
              </value>
            </param>
            <param index="2">
              <value>
                <![CDATA[Sydney]]>
              </value>
            </param>
            <param index="3">
              <value>
                <![CDATA[Hotel Hervey]]>
              </value>
            </param>
            <param index="4">
              <value>
                <![CDATA[Standard]]>
              </value>
            </param>
            <param index="5">
              <value>
                <![CDATA[5 - Five]]>
              </value>
            </param>
            <param index="6">
              <value>
                <![CDATA[2 - Two]]>
              </value>
            </param>
            <param index="7">
              <value>
                <![CDATA[2 - Two]]>
              </value>
            </param>
            <param index="8">
              <value>
                <![CDATA[mary]]>
              </value>
            </param>
            <param index="9">
              <value>
                <![CDATA[raj]]>
              </value>
            </param>
            <param index="10">
              <value>
                <![CDATA[chennai]]>
              </value>
            </param>
            <param index="11">
              <value>
                <![CDATA[1234567894327781]]>
              </value>
            </param>
            <param index="12">
              <value>
                <![CDATA[VISA]]>
              </value>
            </param>
            <param index="13">
              <value>
                <![CDATA[April]]>
              </value>
            </param>
            <param index="14">
              <value>
                <![CDATA[2021]]>
              </value>
            </param>
            <param index="15">
              <value>
                <![CDATA[1235]]>
              </value>
            </param>
            <param index="16">
              <value>
                <![CDATA[secondorder]]>
              </value>
            </param>
          </params>
          <reporter-output>
          </reporter-output>
        </test-method> <!-- booking -->
        <test-method status="PASS" signature="launchHotelUrl(java.lang.String)[pri:0, instance:org.base.test.HotelBooking@5442a311]" name="launchHotelUrl" is-config="true" duration-ms="325" started-at="2020-10-10T08:23:42Z" finished-at="2020-10-10T08:23:43Z">
          <params>
            <param index="0">
              <value>
                <![CDATA[https://adactinhotelapp.com/]]>
              </value>
            </param>
          </params>
          <reporter-output>
          </reporter-output>
        </test-method> <!-- launchHotelUrl -->
        <test-method status="PASS" signature="booking(java.lang.String, java.lang.String, java.lang.String, java.lang.String, java.lang.String, java.lang.String, java.lang.String, java.lang.String, java.lang.String, java.lang.String, java.lang.String, java.lang.String, java.lang.String, java.lang.String, java.lang.String, java.lang.String, java.lang.String)[pri:-1, instance:org.base.test.HotelBooking@5442a311]" name="booking" duration-ms="9332" started-at="2020-10-10T08:23:43Z" data-provider="data" finished-at="2020-10-10T08:23:52Z">
          <params>
            <param index="0">
              <value>
                <![CDATA[sripriya02]]>
              </value>
            </param>
            <param index="1">
              <value>
                <![CDATA[W5K24G]]>
              </value>
            </param>
            <param index="2">
              <value>
                <![CDATA[Sydney]]>
              </value>
            </param>
            <param index="3">
              <value>
                <![CDATA[Hotel Hervey]]>
              </value>
            </param>
            <param index="4">
              <value>
                <![CDATA[Standard]]>
              </value>
            </param>
            <param index="5">
              <value>
                <![CDATA[5 - Five]]>
              </value>
            </param>
            <param index="6">
              <value>
                <![CDATA[2 - Two]]>
              </value>
            </param>
            <param index="7">
              <value>
                <![CDATA[2 - Two]]>
              </value>
            </param>
            <param index="8">
              <value>
                <![CDATA[krish]]>
              </value>
            </param>
            <param index="9">
              <value>
                <![CDATA[jain]]>
              </value>
            </param>
            <param index="10">
              <value>
                <![CDATA[chennai]]>
              </value>
            </param>
            <param index="11">
              <value>
                <![CDATA[1234567894327782]]>
              </value>
            </param>
            <param index="12">
              <value>
                <![CDATA[VISA]]>
              </value>
            </param>
            <param index="13">
              <value>
                <![CDATA[May]]>
              </value>
            </param>
            <param index="14">
              <value>
                <![CDATA[2020]]>
              </value>
            </param>
            <param index="15">
              <value>
                <![CDATA[1239]]>
              </value>
            </param>
            <param index="16">
              <value>
                <![CDATA[thirdorder]]>
              </value>
            </param>
          </params>
          <reporter-output>
          </reporter-output>
        </test-method> <!-- booking -->
        <test-method status="PASS" signature="launchHotelUrl(java.lang.String)[pri:0, instance:org.base.test.HotelBooking@5442a311]" name="launchHotelUrl" is-config="true" duration-ms="380" started-at="2020-10-10T08:23:52Z" finished-at="2020-10-10T08:23:52Z">
          <params>
            <param index="0">
              <value>
                <![CDATA[https://adactinhotelapp.com/]]>
              </value>
            </param>
          </params>
          <reporter-output>
          </reporter-output>
        </test-method> <!-- launchHotelUrl -->
        <test-method status="PASS" signature="booking(java.lang.String, java.lang.String, java.lang.String, java.lang.String, java.lang.String, java.lang.String, java.lang.String, java.lang.String, java.lang.String, java.lang.String, java.lang.String, java.lang.String, java.lang.String, java.lang.String, java.lang.String, java.lang.String, java.lang.String)[pri:-1, instance:org.base.test.HotelBooking@5442a311]" name="booking" duration-ms="9489" started-at="2020-10-10T08:23:52Z" data-provider="data" finished-at="2020-10-10T08:24:02Z">
          <params>
            <param index="0">
              <value>
                <![CDATA[sripriya02]]>
              </value>
            </param>
            <param index="1">
              <value>
                <![CDATA[W5K24G]]>
              </value>
            </param>
            <param index="2">
              <value>
                <![CDATA[Sydney]]>
              </value>
            </param>
            <param index="3">
              <value>
                <![CDATA[Hotel Hervey]]>
              </value>
            </param>
            <param index="4">
              <value>
                <![CDATA[Standard]]>
              </value>
            </param>
            <param index="5">
              <value>
                <![CDATA[5 - Five]]>
              </value>
            </param>
            <param index="6">
              <value>
                <![CDATA[2 - Two]]>
              </value>
            </param>
            <param index="7">
              <value>
                <![CDATA[2 - Two]]>
              </value>
            </param>
            <param index="8">
              <value>
                <![CDATA[mina]]>
              </value>
            </param>
            <param index="9">
              <value>
                <![CDATA[roy]]>
              </value>
            </param>
            <param index="10">
              <value>
                <![CDATA[chennai]]>
              </value>
            </param>
            <param index="11">
              <value>
                <![CDATA[1234567894327783]]>
              </value>
            </param>
            <param index="12">
              <value>
                <![CDATA[VISA]]>
              </value>
            </param>
            <param index="13">
              <value>
                <![CDATA[June]]>
              </value>
            </param>
            <param index="14">
              <value>
                <![CDATA[2019]]>
              </value>
            </param>
            <param index="15">
              <value>
                <![CDATA[1230]]>
              </value>
            </param>
            <param index="16">
              <value>
                <![CDATA[fourthorder]]>
              </value>
            </param>
          </params>
          <reporter-output>
          </reporter-output>
        </test-method> <!-- booking -->
        <test-method status="PASS" signature="launchHotelUrl(java.lang.String)[pri:0, instance:org.base.test.HotelBooking@5442a311]" name="launchHotelUrl" is-config="true" duration-ms="351" started-at="2020-10-10T08:24:02Z" finished-at="2020-10-10T08:24:02Z">
          <params>
            <param index="0">
              <value>
                <![CDATA[https://adactinhotelapp.com/]]>
              </value>
            </param>
          </params>
          <reporter-output>
          </reporter-output>
        </test-method> <!-- launchHotelUrl -->
        <test-method status="PASS" signature="testB()[pri:1, instance:org.base.test.HotelBooking@5442a311]" name="testB" duration-ms="0" started-at="2020-10-10T08:24:02Z" finished-at="2020-10-10T08:24:02Z">
          <reporter-output>
          </reporter-output>
        </test-method> <!-- testB -->
        <test-method status="PASS" signature="launchHotelUrl(java.lang.String)[pri:0, instance:org.base.test.HotelBooking@5442a311]" name="launchHotelUrl" is-config="true" duration-ms="185" started-at="2020-10-10T08:24:02Z" finished-at="2020-10-10T08:24:02Z">
          <params>
            <param index="0">
              <value>
                <![CDATA[https://adactinhotelapp.com/]]>
              </value>
            </param>
          </params>
          <reporter-output>
          </reporter-output>
        </test-method> <!-- launchHotelUrl -->
        <test-method status="PASS" signature="testB()[pri:1, instance:org.base.test.HotelBooking@5442a311]" name="testB" duration-ms="0" started-at="2020-10-10T08:24:02Z" finished-at="2020-10-10T08:24:02Z">
          <reporter-output>
          </reporter-output>
        </test-method> <!-- testB -->
        <test-method status="PASS" signature="launchHotelUrl(java.lang.String)[pri:0, instance:org.base.test.HotelBooking@5442a311]" name="launchHotelUrl" is-config="true" duration-ms="187" started-at="2020-10-10T08:24:02Z" finished-at="2020-10-10T08:24:03Z">
          <params>
            <param index="0">
              <value>
                <![CDATA[https://adactinhotelapp.com/]]>
              </value>
            </param>
          </params>
          <reporter-output>
          </reporter-output>
        </test-method> <!-- launchHotelUrl -->
        <test-method status="PASS" signature="testB()[pri:1, instance:org.base.test.HotelBooking@5442a311]" name="testB" duration-ms="3" started-at="2020-10-10T08:24:03Z" finished-at="2020-10-10T08:24:03Z">
          <reporter-output>
          </reporter-output>
        </test-method> <!-- testB -->
        <test-method status="PASS" signature="launchHotelUrl(java.lang.String)[pri:0, instance:org.base.test.HotelBooking@5442a311]" name="launchHotelUrl" is-config="true" duration-ms="137" started-at="2020-10-10T08:24:03Z" finished-at="2020-10-10T08:24:03Z">
          <params>
            <param index="0">
              <value>
                <![CDATA[https://adactinhotelapp.com/]]>
              </value>
            </param>
          </params>
          <reporter-output>
          </reporter-output>
        </test-method> <!-- launchHotelUrl -->
        <test-method status="PASS" signature="testB()[pri:1, instance:org.base.test.HotelBooking@5442a311]" name="testB" duration-ms="6" started-at="2020-10-10T08:24:03Z" finished-at="2020-10-10T08:24:03Z">
          <reporter-output>
          </reporter-output>
        </test-method> <!-- testB -->
        <test-method status="PASS" signature="launchHotelUrl(java.lang.String)[pri:0, instance:org.base.test.HotelBooking@5442a311]" name="launchHotelUrl" is-config="true" duration-ms="153" started-at="2020-10-10T08:24:03Z" finished-at="2020-10-10T08:24:03Z">
          <params>
            <param index="0">
              <value>
                <![CDATA[https://adactinhotelapp.com/]]>
              </value>
            </param>
          </params>
          <reporter-output>
          </reporter-output>
        </test-method> <!-- launchHotelUrl -->
        <test-method status="PASS" signature="testB()[pri:1, instance:org.base.test.HotelBooking@5442a311]" name="testB" duration-ms="0" started-at="2020-10-10T08:24:03Z" finished-at="2020-10-10T08:24:03Z">
          <reporter-output>
          </reporter-output>
        </test-method> <!-- testB -->
        <test-method status="PASS" signature="launchHotelUrl(java.lang.String)[pri:0, instance:org.base.test.HotelBooking@5442a311]" name="launchHotelUrl" is-config="true" duration-ms="144" started-at="2020-10-10T08:24:03Z" finished-at="2020-10-10T08:24:03Z">
          <params>
            <param index="0">
              <value>
                <![CDATA[https://adactinhotelapp.com/]]>
              </value>
            </param>
          </params>
          <reporter-output>
          </reporter-output>
        </test-method> <!-- launchHotelUrl -->
        <test-method status="SKIP" signature="testD()[pri:2, instance:org.base.test.HotelBooking@5442a311]" name="testD" duration-ms="3" started-at="2020-10-10T08:24:03Z" finished-at="2020-10-10T08:24:03Z">
          <exception class="java.lang.ArithmeticException">
            <message>
              <![CDATA[/ by zero]]>
            </message>
            <full-stacktrace>
              <![CDATA[java.lang.ArithmeticException: / by zero
at org.base.test.HotelBooking.testD(HotelBooking.java:218)
at sun.reflect.NativeMethodAccessorImpl.invoke0(Native Method)
at sun.reflect.NativeMethodAccessorImpl.invoke(Unknown Source)
at sun.reflect.DelegatingMethodAccessorImpl.invoke(Unknown Source)
at java.lang.reflect.Method.invoke(Unknown Source)
at org.testng.internal.MethodInvocationHelper.invokeMethod(MethodInvocationHelper.java:124)
at org.testng.internal.Invoker.invokeMethod(Invoker.java:583)
at org.testng.internal.Invoker.invokeTestMethod(Invoker.java:719)
at org.testng.internal.Invoker.invokeTestMethods(Invoker.java:989)
at org.testng.internal.TestMethodWorker.invokeTestMethods(TestMethodWorker.java:125)
at org.testng.internal.TestMethodWorker.run(TestMethodWorker.java:109)
at org.testng.TestRunner.privateRun(TestRunner.java:648)
at org.testng.TestRunner.run(TestRunner.java:505)
at org.testng.SuiteRunner.runTest(SuiteRunner.java:455)
at org.testng.SuiteRunner.runSequentially(SuiteRunner.java:450)
at org.testng.SuiteRunner.privateRun(SuiteRunner.java:415)
at org.testng.SuiteRunner.run(SuiteRunner.java:364)
at org.testng.SuiteRunnerWorker.runSuite(SuiteRunnerWorker.java:52)
at org.testng.SuiteRunnerWorker.run(SuiteRunnerWorker.java:84)
at org.testng.TestNG.runSuitesSequentially(TestNG.java:1208)
at org.testng.TestNG.runSuitesLocally(TestNG.java:1137)
at org.testng.TestNG.runSuites(TestNG.java:1049)
at org.testng.TestNG.run(TestNG.java:1017)
at org.testng.remote.AbstractRemoteTestNG.run(AbstractRemoteTestNG.java:114)
at org.testng.remote.RemoteTestNG.initAndRun(RemoteTestNG.java:251)
at org.testng.remote.RemoteTestNG.main(RemoteTestNG.java:77)
]]>
            </full-stacktrace>
          </exception> <!-- java.lang.ArithmeticException -->
          <reporter-output>
          </reporter-output>
        </test-method> <!-- testD -->
        <test-method status="PASS" signature="launchHotelUrl(java.lang.String)[pri:0, instance:org.base.test.HotelBooking@5442a311]" name="launchHotelUrl" is-config="true" duration-ms="143" started-at="2020-10-10T08:24:03Z" finished-at="2020-10-10T08:24:03Z">
          <params>
            <param index="0">
              <value>
                <![CDATA[https://adactinhotelapp.com/]]>
              </value>
            </param>
          </params>
          <reporter-output>
          </reporter-output>
        </test-method> <!-- launchHotelUrl -->
        <test-method status="SKIP" signature="testD()[pri:2, instance:org.base.test.HotelBooking@5442a311]" name="testD" duration-ms="0" started-at="2020-10-10T08:24:03Z" finished-at="2020-10-10T08:24:03Z">
          <exception class="java.lang.ArithmeticException">
            <message>
              <![CDATA[/ by zero]]>
            </message>
            <full-stacktrace>
              <![CDATA[java.lang.ArithmeticException: / by zero
at org.base.test.HotelBooking.testD(HotelBooking.java:218)
at sun.reflect.NativeMethodAccessorImpl.invoke0(Native Method)
at sun.reflect.NativeMethodAccessorImpl.invoke(Unknown Source)
at sun.reflect.DelegatingMethodAccessorImpl.invoke(Unknown Source)
at java.lang.reflect.Method.invoke(Unknown Source)
at org.testng.internal.MethodInvocationHelper.invokeMethod(MethodInvocationHelper.java:124)
at org.testng.internal.Invoker.invokeMethod(Invoker.java:583)
at org.testng.internal.Invoker.retryFailed(Invoker.java:839)
at org.testng.internal.Invoker.invokeTestMethods(Invoker.java:1010)
at org.testng.internal.TestMethodWorker.invokeTestMethods(TestMethodWorker.java:125)
at org.testng.internal.TestMethodWorker.run(TestMethodWorker.java:109)
at org.testng.TestRunner.privateRun(TestRunner.java:648)
at org.testng.TestRunner.run(TestRunner.java:505)
at org.testng.SuiteRunner.runTest(SuiteRunner.java:455)
at org.testng.SuiteRunner.runSequentially(SuiteRunner.java:450)
at org.testng.SuiteRunner.privateRun(SuiteRunner.java:415)
at org.testng.SuiteRunner.run(SuiteRunner.java:364)
at org.testng.SuiteRunnerWorker.runSuite(SuiteRunnerWorker.java:52)
at org.testng.SuiteRunnerWorker.run(SuiteRunnerWorker.java:84)
at org.testng.TestNG.runSuitesSequentially(TestNG.java:1208)
at org.testng.TestNG.runSuitesLocally(TestNG.java:1137)
at org.testng.TestNG.runSuites(TestNG.java:1049)
at org.testng.TestNG.run(TestNG.java:1017)
at org.testng.remote.AbstractRemoteTestNG.run(AbstractRemoteTestNG.java:114)
at org.testng.remote.RemoteTestNG.initAndRun(RemoteTestNG.java:251)
at org.testng.remote.RemoteTestNG.main(RemoteTestNG.java:77)
]]>
            </full-stacktrace>
          </exception> <!-- java.lang.ArithmeticException -->
          <reporter-output>
          </reporter-output>
        </test-method> <!-- testD -->
        <test-method status="PASS" signature="launchHotelUrl(java.lang.String)[pri:0, instance:org.base.test.HotelBooking@5442a311]" name="launchHotelUrl" is-config="true" duration-ms="160" started-at="2020-10-10T08:24:03Z" finished-at="2020-10-10T08:24:03Z">
          <params>
            <param index="0">
              <value>
                <![CDATA[https://adactinhotelapp.com/]]>
              </value>
            </param>
          </params>
          <reporter-output>
          </reporter-output>
        </test-method> <!-- launchHotelUrl -->
        <test-method status="SKIP" signature="testD()[pri:2, instance:org.base.test.HotelBooking@5442a311]" name="testD" duration-ms="1" started-at="2020-10-10T08:24:03Z" finished-at="2020-10-10T08:24:03Z">
          <exception class="java.lang.ArithmeticException">
            <message>
              <![CDATA[/ by zero]]>
            </message>
            <full-stacktrace>
              <![CDATA[java.lang.ArithmeticException: / by zero
at org.base.test.HotelBooking.testD(HotelBooking.java:218)
at sun.reflect.NativeMethodAccessorImpl.invoke0(Native Method)
at sun.reflect.NativeMethodAccessorImpl.invoke(Unknown Source)
at sun.reflect.DelegatingMethodAccessorImpl.invoke(Unknown Source)
at java.lang.reflect.Method.invoke(Unknown Source)
at org.testng.internal.MethodInvocationHelper.invokeMethod(MethodInvocationHelper.java:124)
at org.testng.internal.Invoker.invokeMethod(Invoker.java:583)
at org.testng.internal.Invoker.retryFailed(Invoker.java:839)
at org.testng.internal.Invoker.invokeTestMethods(Invoker.java:1010)
at org.testng.internal.TestMethodWorker.invokeTestMethods(TestMethodWorker.java:125)
at org.testng.internal.TestMethodWorker.run(TestMethodWorker.java:109)
at org.testng.TestRunner.privateRun(TestRunner.java:648)
at org.testng.TestRunner.run(TestRunner.java:505)
at org.testng.SuiteRunner.runTest(SuiteRunner.java:455)
at org.testng.SuiteRunner.runSequentially(SuiteRunner.java:450)
at org.testng.SuiteRunner.privateRun(SuiteRunner.java:415)
at org.testng.SuiteRunner.run(SuiteRunner.java:364)
at org.testng.SuiteRunnerWorker.runSuite(SuiteRunnerWorker.java:52)
at org.testng.SuiteRunnerWorker.run(SuiteRunnerWorker.java:84)
at org.testng.TestNG.runSuitesSequentially(TestNG.java:1208)
at org.testng.TestNG.runSuitesLocally(TestNG.java:1137)
at org.testng.TestNG.runSuites(TestNG.java:1049)
at org.testng.TestNG.run(TestNG.java:1017)
at org.testng.remote.AbstractRemoteTestNG.run(AbstractRemoteTestNG.java:114)
at org.testng.remote.RemoteTestNG.initAndRun(RemoteTestNG.java:251)
at org.testng.remote.RemoteTestNG.main(RemoteTestNG.java:77)
]]>
            </full-stacktrace>
          </exception> <!-- java.lang.ArithmeticException -->
          <reporter-output>
          </reporter-output>
        </test-method> <!-- testD -->
        <test-method status="PASS" signature="launchHotelUrl(java.lang.String)[pri:0, instance:org.base.test.HotelBooking@5442a311]" name="launchHotelUrl" is-config="true" duration-ms="153" started-at="2020-10-10T08:24:03Z" finished-at="2020-10-10T08:24:03Z">
          <params>
            <param index="0">
              <value>
                <![CDATA[https://adactinhotelapp.com/]]>
              </value>
            </param>
          </params>
          <reporter-output>
          </reporter-output>
        </test-method> <!-- launchHotelUrl -->
        <test-method status="SKIP" signature="testD()[pri:2, instance:org.base.test.HotelBooking@5442a311]" name="testD" duration-ms="1" started-at="2020-10-10T08:24:03Z" finished-at="2020-10-10T08:24:03Z">
          <exception class="java.lang.ArithmeticException">
            <message>
              <![CDATA[/ by zero]]>
            </message>
            <full-stacktrace>
              <![CDATA[java.lang.ArithmeticException: / by zero
at org.base.test.HotelBooking.testD(HotelBooking.java:218)
at sun.reflect.NativeMethodAccessorImpl.invoke0(Native Method)
at sun.reflect.NativeMethodAccessorImpl.invoke(Unknown Source)
at sun.reflect.DelegatingMethodAccessorImpl.invoke(Unknown Source)
at java.lang.reflect.Method.invoke(Unknown Source)
at org.testng.internal.MethodInvocationHelper.invokeMethod(MethodInvocationHelper.java:124)
at org.testng.internal.Invoker.invokeMethod(Invoker.java:583)
at org.testng.internal.Invoker.retryFailed(Invoker.java:839)
at org.testng.internal.Invoker.invokeTestMethods(Invoker.java:1010)
at org.testng.internal.TestMethodWorker.invokeTestMethods(TestMethodWorker.java:125)
at org.testng.internal.TestMethodWorker.run(TestMethodWorker.java:109)
at org.testng.TestRunner.privateRun(TestRunner.java:648)
at org.testng.TestRunner.run(TestRunner.java:505)
at org.testng.SuiteRunner.runTest(SuiteRunner.java:455)
at org.testng.SuiteRunner.runSequentially(SuiteRunner.java:450)
at org.testng.SuiteRunner.privateRun(SuiteRunner.java:415)
at org.testng.SuiteRunner.run(SuiteRunner.java:364)
at org.testng.SuiteRunnerWorker.runSuite(SuiteRunnerWorker.java:52)
at org.testng.SuiteRunnerWorker.run(SuiteRunnerWorker.java:84)
at org.testng.TestNG.runSuitesSequentially(TestNG.java:1208)
at org.testng.TestNG.runSuitesLocally(TestNG.java:1137)
at org.testng.TestNG.runSuites(TestNG.java:1049)
at org.testng.TestNG.run(TestNG.java:1017)
at org.testng.remote.AbstractRemoteTestNG.run(AbstractRemoteTestNG.java:114)
at org.testng.remote.RemoteTestNG.initAndRun(RemoteTestNG.java:251)
at org.testng.remote.RemoteTestNG.main(RemoteTestNG.java:77)
]]>
            </full-stacktrace>
          </exception> <!-- java.lang.ArithmeticException -->
          <reporter-output>
          </reporter-output>
        </test-method> <!-- testD -->
        <test-method status="PASS" signature="launchHotelUrl(java.lang.String)[pri:0, instance:org.base.test.HotelBooking@5442a311]" name="launchHotelUrl" is-config="true" duration-ms="163" started-at="2020-10-10T08:24:03Z" finished-at="2020-10-10T08:24:04Z">
          <params>
            <param index="0">
              <value>
                <![CDATA[https://adactinhotelapp.com/]]>
              </value>
            </param>
          </params>
          <reporter-output>
          </reporter-output>
        </test-method> <!-- launchHotelUrl -->
        <test-method status="SKIP" signature="testD()[pri:2, instance:org.base.test.HotelBooking@5442a311]" name="testD" duration-ms="3" started-at="2020-10-10T08:24:04Z" finished-at="2020-10-10T08:24:04Z">
          <exception class="java.lang.ArithmeticException">
            <message>
              <![CDATA[/ by zero]]>
            </message>
            <full-stacktrace>
              <![CDATA[java.lang.ArithmeticException: / by zero
at org.base.test.HotelBooking.testD(HotelBooking.java:218)
at sun.reflect.NativeMethodAccessorImpl.invoke0(Native Method)
at sun.reflect.NativeMethodAccessorImpl.invoke(Unknown Source)
at sun.reflect.DelegatingMethodAccessorImpl.invoke(Unknown Source)
at java.lang.reflect.Method.invoke(Unknown Source)
at org.testng.internal.MethodInvocationHelper.invokeMethod(MethodInvocationHelper.java:124)
at org.testng.internal.Invoker.invokeMethod(Invoker.java:583)
at org.testng.internal.Invoker.retryFailed(Invoker.java:839)
at org.testng.internal.Invoker.invokeTestMethods(Invoker.java:1010)
at org.testng.internal.TestMethodWorker.invokeTestMethods(TestMethodWorker.java:125)
at org.testng.internal.TestMethodWorker.run(TestMethodWorker.java:109)
at org.testng.TestRunner.privateRun(TestRunner.java:648)
at org.testng.TestRunner.run(TestRunner.java:505)
at org.testng.SuiteRunner.runTest(SuiteRunner.java:455)
at org.testng.SuiteRunner.runSequentially(SuiteRunner.java:450)
at org.testng.SuiteRunner.privateRun(SuiteRunner.java:415)
at org.testng.SuiteRunner.run(SuiteRunner.java:364)
at org.testng.SuiteRunnerWorker.runSuite(SuiteRunnerWorker.java:52)
at org.testng.SuiteRunnerWorker.run(SuiteRunnerWorker.java:84)
at org.testng.TestNG.runSuitesSequentially(TestNG.java:1208)
at org.testng.TestNG.runSuitesLocally(TestNG.java:1137)
at org.testng.TestNG.runSuites(TestNG.java:1049)
at org.testng.TestNG.run(TestNG.java:1017)
at org.testng.remote.AbstractRemoteTestNG.run(AbstractRemoteTestNG.java:114)
at org.testng.remote.RemoteTestNG.initAndRun(RemoteTestNG.java:251)
at org.testng.remote.RemoteTestNG.main(RemoteTestNG.java:77)
]]>
            </full-stacktrace>
          </exception> <!-- java.lang.ArithmeticException -->
          <reporter-output>
          </reporter-output>
        </test-method> <!-- testD -->
        <test-method status="PASS" signature="launchHotelUrl(java.lang.String)[pri:0, instance:org.base.test.HotelBooking@5442a311]" name="launchHotelUrl" is-config="true" duration-ms="180" started-at="2020-10-10T08:24:04Z" finished-at="2020-10-10T08:24:04Z">
          <params>
            <param index="0">
              <value>
                <![CDATA[https://adactinhotelapp.com/]]>
              </value>
            </param>
          </params>
          <reporter-output>
          </reporter-output>
        </test-method> <!-- launchHotelUrl -->
        <test-method status="SKIP" signature="testD()[pri:2, instance:org.base.test.HotelBooking@5442a311]" name="testD" duration-ms="4" started-at="2020-10-10T08:24:04Z" finished-at="2020-10-10T08:24:04Z">
          <exception class="java.lang.ArithmeticException">
            <message>
              <![CDATA[/ by zero]]>
            </message>
            <full-stacktrace>
              <![CDATA[java.lang.ArithmeticException: / by zero
at org.base.test.HotelBooking.testD(HotelBooking.java:218)
at sun.reflect.NativeMethodAccessorImpl.invoke0(Native Method)
at sun.reflect.NativeMethodAccessorImpl.invoke(Unknown Source)
at sun.reflect.DelegatingMethodAccessorImpl.invoke(Unknown Source)
at java.lang.reflect.Method.invoke(Unknown Source)
at org.testng.internal.MethodInvocationHelper.invokeMethod(MethodInvocationHelper.java:124)
at org.testng.internal.Invoker.invokeMethod(Invoker.java:583)
at org.testng.internal.Invoker.retryFailed(Invoker.java:839)
at org.testng.internal.Invoker.invokeTestMethods(Invoker.java:1010)
at org.testng.internal.TestMethodWorker.invokeTestMethods(TestMethodWorker.java:125)
at org.testng.internal.TestMethodWorker.run(TestMethodWorker.java:109)
at org.testng.TestRunner.privateRun(TestRunner.java:648)
at org.testng.TestRunner.run(TestRunner.java:505)
at org.testng.SuiteRunner.runTest(SuiteRunner.java:455)
at org.testng.SuiteRunner.runSequentially(SuiteRunner.java:450)
at org.testng.SuiteRunner.privateRun(SuiteRunner.java:415)
at org.testng.SuiteRunner.run(SuiteRunner.java:364)
at org.testng.SuiteRunnerWorker.runSuite(SuiteRunnerWorker.java:52)
at org.testng.SuiteRunnerWorker.run(SuiteRunnerWorker.java:84)
at org.testng.TestNG.runSuitesSequentially(TestNG.java:1208)
at org.testng.TestNG.runSuitesLocally(TestNG.java:1137)
at org.testng.TestNG.runSuites(TestNG.java:1049)
at org.testng.TestNG.run(TestNG.java:1017)
at org.testng.remote.AbstractRemoteTestNG.run(AbstractRemoteTestNG.java:114)
at org.testng.remote.RemoteTestNG.initAndRun(RemoteTestNG.java:251)
at org.testng.remote.RemoteTestNG.main(RemoteTestNG.java:77)
]]>
            </full-stacktrace>
          </exception> <!-- java.lang.ArithmeticException -->
          <reporter-output>
          </reporter-output>
        </test-method> <!-- testD -->
        <test-method status="PASS" signature="launchHotelUrl(java.lang.String)[pri:0, instance:org.base.test.HotelBooking@5442a311]" name="launchHotelUrl" is-config="true" duration-ms="170" started-at="2020-10-10T08:24:04Z" finished-at="2020-10-10T08:24:04Z">
          <params>
            <param index="0">
              <value>
                <![CDATA[https://adactinhotelapp.com/]]>
              </value>
            </param>
          </params>
          <reporter-output>
          </reporter-output>
        </test-method> <!-- launchHotelUrl -->
        <test-method status="SKIP" signature="testD()[pri:2, instance:org.base.test.HotelBooking@5442a311]" name="testD" duration-ms="4" started-at="2020-10-10T08:24:04Z" finished-at="2020-10-10T08:24:04Z">
          <exception class="java.lang.ArithmeticException">
            <message>
              <![CDATA[/ by zero]]>
            </message>
            <full-stacktrace>
              <![CDATA[java.lang.ArithmeticException: / by zero
at org.base.test.HotelBooking.testD(HotelBooking.java:218)
at sun.reflect.NativeMethodAccessorImpl.invoke0(Native Method)
at sun.reflect.NativeMethodAccessorImpl.invoke(Unknown Source)
at sun.reflect.DelegatingMethodAccessorImpl.invoke(Unknown Source)
at java.lang.reflect.Method.invoke(Unknown Source)
at org.testng.internal.MethodInvocationHelper.invokeMethod(MethodInvocationHelper.java:124)
at org.testng.internal.Invoker.invokeMethod(Invoker.java:583)
at org.testng.internal.Invoker.retryFailed(Invoker.java:839)
at org.testng.internal.Invoker.invokeTestMethods(Invoker.java:1010)
at org.testng.internal.TestMethodWorker.invokeTestMethods(TestMethodWorker.java:125)
at org.testng.internal.TestMethodWorker.run(TestMethodWorker.java:109)
at org.testng.TestRunner.privateRun(TestRunner.java:648)
at org.testng.TestRunner.run(TestRunner.java:505)
at org.testng.SuiteRunner.runTest(SuiteRunner.java:455)
at org.testng.SuiteRunner.runSequentially(SuiteRunner.java:450)
at org.testng.SuiteRunner.privateRun(SuiteRunner.java:415)
at org.testng.SuiteRunner.run(SuiteRunner.java:364)
at org.testng.SuiteRunnerWorker.runSuite(SuiteRunnerWorker.java:52)
at org.testng.SuiteRunnerWorker.run(SuiteRunnerWorker.java:84)
at org.testng.TestNG.runSuitesSequentially(TestNG.java:1208)
at org.testng.TestNG.runSuitesLocally(TestNG.java:1137)
at org.testng.TestNG.runSuites(TestNG.java:1049)
at org.testng.TestNG.run(TestNG.java:1017)
at org.testng.remote.AbstractRemoteTestNG.run(AbstractRemoteTestNG.java:114)
at org.testng.remote.RemoteTestNG.initAndRun(RemoteTestNG.java:251)
at org.testng.remote.RemoteTestNG.main(RemoteTestNG.java:77)
]]>
            </full-stacktrace>
          </exception> <!-- java.lang.ArithmeticException -->
          <reporter-output>
          </reporter-output>
        </test-method> <!-- testD -->
        <test-method status="PASS" signature="launchHotelUrl(java.lang.String)[pri:0, instance:org.base.test.HotelBooking@5442a311]" name="launchHotelUrl" is-config="true" duration-ms="139" started-at="2020-10-10T08:24:04Z" finished-at="2020-10-10T08:24:04Z">
          <params>
            <param index="0">
              <value>
                <![CDATA[https://adactinhotelapp.com/]]>
              </value>
            </param>
          </params>
          <reporter-output>
          </reporter-output>
        </test-method> <!-- launchHotelUrl -->
        <test-method status="SKIP" signature="testD()[pri:2, instance:org.base.test.HotelBooking@5442a311]" name="testD" duration-ms="1" started-at="2020-10-10T08:24:04Z" finished-at="2020-10-10T08:24:04Z">
          <exception class="java.lang.ArithmeticException">
            <message>
              <![CDATA[/ by zero]]>
            </message>
            <full-stacktrace>
              <![CDATA[java.lang.ArithmeticException: / by zero
at org.base.test.HotelBooking.testD(HotelBooking.java:218)
at sun.reflect.NativeMethodAccessorImpl.invoke0(Native Method)
at sun.reflect.NativeMethodAccessorImpl.invoke(Unknown Source)
at sun.reflect.DelegatingMethodAccessorImpl.invoke(Unknown Source)
at java.lang.reflect.Method.invoke(Unknown Source)
at org.testng.internal.MethodInvocationHelper.invokeMethod(MethodInvocationHelper.java:124)
at org.testng.internal.Invoker.invokeMethod(Invoker.java:583)
at org.testng.internal.Invoker.retryFailed(Invoker.java:839)
at org.testng.internal.Invoker.invokeTestMethods(Invoker.java:1010)
at org.testng.internal.TestMethodWorker.invokeTestMethods(TestMethodWorker.java:125)
at org.testng.internal.TestMethodWorker.run(TestMethodWorker.java:109)
at org.testng.TestRunner.privateRun(TestRunner.java:648)
at org.testng.TestRunner.run(TestRunner.java:505)
at org.testng.SuiteRunner.runTest(SuiteRunner.java:455)
at org.testng.SuiteRunner.runSequentially(SuiteRunner.java:450)
at org.testng.SuiteRunner.privateRun(SuiteRunner.java:415)
at org.testng.SuiteRunner.run(SuiteRunner.java:364)
at org.testng.SuiteRunnerWorker.runSuite(SuiteRunnerWorker.java:52)
at org.testng.SuiteRunnerWorker.run(SuiteRunnerWorker.java:84)
at org.testng.TestNG.runSuitesSequentially(TestNG.java:1208)
at org.testng.TestNG.runSuitesLocally(TestNG.java:1137)
at org.testng.TestNG.runSuites(TestNG.java:1049)
at org.testng.TestNG.run(TestNG.java:1017)
at org.testng.remote.AbstractRemoteTestNG.run(AbstractRemoteTestNG.java:114)
at org.testng.remote.RemoteTestNG.initAndRun(RemoteTestNG.java:251)
at org.testng.remote.RemoteTestNG.main(RemoteTestNG.java:77)
]]>
            </full-stacktrace>
          </exception> <!-- java.lang.ArithmeticException -->
          <reporter-output>
          </reporter-output>
        </test-method> <!-- testD -->
        <test-method status="PASS" signature="launchHotelUrl(java.lang.String)[pri:0, instance:org.base.test.HotelBooking@5442a311]" name="launchHotelUrl" is-config="true" duration-ms="167" started-at="2020-10-10T08:24:04Z" finished-at="2020-10-10T08:24:04Z">
          <params>
            <param index="0">
              <value>
                <![CDATA[https://adactinhotelapp.com/]]>
              </value>
            </param>
          </params>
          <reporter-output>
          </reporter-output>
        </test-method> <!-- launchHotelUrl -->
        <test-method status="SKIP" signature="testD()[pri:2, instance:org.base.test.HotelBooking@5442a311]" name="testD" duration-ms="0" started-at="2020-10-10T08:24:04Z" finished-at="2020-10-10T08:24:04Z">
          <exception class="java.lang.ArithmeticException">
            <message>
              <![CDATA[/ by zero]]>
            </message>
            <full-stacktrace>
              <![CDATA[java.lang.ArithmeticException: / by zero
at org.base.test.HotelBooking.testD(HotelBooking.java:218)
at sun.reflect.NativeMethodAccessorImpl.invoke0(Native Method)
at sun.reflect.NativeMethodAccessorImpl.invoke(Unknown Source)
at sun.reflect.DelegatingMethodAccessorImpl.invoke(Unknown Source)
at java.lang.reflect.Method.invoke(Unknown Source)
at org.testng.internal.MethodInvocationHelper.invokeMethod(MethodInvocationHelper.java:124)
at org.testng.internal.Invoker.invokeMethod(Invoker.java:583)
at org.testng.internal.Invoker.retryFailed(Invoker.java:839)
at org.testng.internal.Invoker.invokeTestMethods(Invoker.java:1010)
at org.testng.internal.TestMethodWorker.invokeTestMethods(TestMethodWorker.java:125)
at org.testng.internal.TestMethodWorker.run(TestMethodWorker.java:109)
at org.testng.TestRunner.privateRun(TestRunner.java:648)
at org.testng.TestRunner.run(TestRunner.java:505)
at org.testng.SuiteRunner.runTest(SuiteRunner.java:455)
at org.testng.SuiteRunner.runSequentially(SuiteRunner.java:450)
at org.testng.SuiteRunner.privateRun(SuiteRunner.java:415)
at org.testng.SuiteRunner.run(SuiteRunner.java:364)
at org.testng.SuiteRunnerWorker.runSuite(SuiteRunnerWorker.java:52)
at org.testng.SuiteRunnerWorker.run(SuiteRunnerWorker.java:84)
at org.testng.TestNG.runSuitesSequentially(TestNG.java:1208)
at org.testng.TestNG.runSuitesLocally(TestNG.java:1137)
at org.testng.TestNG.runSuites(TestNG.java:1049)
at org.testng.TestNG.run(TestNG.java:1017)
at org.testng.remote.AbstractRemoteTestNG.run(AbstractRemoteTestNG.java:114)
at org.testng.remote.RemoteTestNG.initAndRun(RemoteTestNG.java:251)
at org.testng.remote.RemoteTestNG.main(RemoteTestNG.java:77)
]]>
            </full-stacktrace>
          </exception> <!-- java.lang.ArithmeticException -->
          <reporter-output>
          </reporter-output>
        </test-method> <!-- testD -->
        <test-method status="PASS" signature="launchHotelUrl(java.lang.String)[pri:0, instance:org.base.test.HotelBooking@5442a311]" name="launchHotelUrl" is-config="true" duration-ms="144" started-at="2020-10-10T08:24:04Z" finished-at="2020-10-10T08:24:04Z">
          <params>
            <param index="0">
              <value>
                <![CDATA[https://adactinhotelapp.com/]]>
              </value>
            </param>
          </params>
          <reporter-output>
          </reporter-output>
        </test-method> <!-- launchHotelUrl -->
        <test-method status="SKIP" signature="testD()[pri:2, instance:org.base.test.HotelBooking@5442a311]" name="testD" duration-ms="0" started-at="2020-10-10T08:24:04Z" finished-at="2020-10-10T08:24:04Z">
          <exception class="java.lang.ArithmeticException">
            <message>
              <![CDATA[/ by zero]]>
            </message>
            <full-stacktrace>
              <![CDATA[java.lang.ArithmeticException: / by zero
at org.base.test.HotelBooking.testD(HotelBooking.java:218)
at sun.reflect.NativeMethodAccessorImpl.invoke0(Native Method)
at sun.reflect.NativeMethodAccessorImpl.invoke(Unknown Source)
at sun.reflect.DelegatingMethodAccessorImpl.invoke(Unknown Source)
at java.lang.reflect.Method.invoke(Unknown Source)
at org.testng.internal.MethodInvocationHelper.invokeMethod(MethodInvocationHelper.java:124)
at org.testng.internal.Invoker.invokeMethod(Invoker.java:583)
at org.testng.internal.Invoker.retryFailed(Invoker.java:839)
at org.testng.internal.Invoker.invokeTestMethods(Invoker.java:1010)
at org.testng.internal.TestMethodWorker.invokeTestMethods(TestMethodWorker.java:125)
at org.testng.internal.TestMethodWorker.run(TestMethodWorker.java:109)
at org.testng.TestRunner.privateRun(TestRunner.java:648)
at org.testng.TestRunner.run(TestRunner.java:505)
at org.testng.SuiteRunner.runTest(SuiteRunner.java:455)
at org.testng.SuiteRunner.runSequentially(SuiteRunner.java:450)
at org.testng.SuiteRunner.privateRun(SuiteRunner.java:415)
at org.testng.SuiteRunner.run(SuiteRunner.java:364)
at org.testng.SuiteRunnerWorker.runSuite(SuiteRunnerWorker.java:52)
at org.testng.SuiteRunnerWorker.run(SuiteRunnerWorker.java:84)
at org.testng.TestNG.runSuitesSequentially(TestNG.java:1208)
at org.testng.TestNG.runSuitesLocally(TestNG.java:1137)
at org.testng.TestNG.runSuites(TestNG.java:1049)
at org.testng.TestNG.run(TestNG.java:1017)
at org.testng.remote.AbstractRemoteTestNG.run(AbstractRemoteTestNG.java:114)
at org.testng.remote.RemoteTestNG.initAndRun(RemoteTestNG.java:251)
at org.testng.remote.RemoteTestNG.main(RemoteTestNG.java:77)
]]>
            </full-stacktrace>
          </exception> <!-- java.lang.ArithmeticException -->
          <reporter-output>
          </reporter-output>
        </test-method> <!-- testD -->
        <test-method status="PASS" signature="launchHotelUrl(java.lang.String)[pri:0, instance:org.base.test.HotelBooking@5442a311]" name="launchHotelUrl" is-config="true" duration-ms="146" started-at="2020-10-10T08:24:04Z" finished-at="2020-10-10T08:24:05Z">
          <params>
            <param index="0">
              <value>
                <![CDATA[https://adactinhotelapp.com/]]>
              </value>
            </param>
          </params>
          <reporter-output>
          </reporter-output>
        </test-method> <!-- launchHotelUrl -->
        <test-method status="FAIL" signature="testD()[pri:2, instance:org.base.test.HotelBooking@5442a311]" name="testD" duration-ms="0" started-at="2020-10-10T08:24:05Z" finished-at="2020-10-10T08:24:05Z">
          <exception class="java.lang.ArithmeticException">
            <message>
              <![CDATA[/ by zero]]>
            </message>
            <full-stacktrace>
              <![CDATA[java.lang.ArithmeticException: / by zero
at org.base.test.HotelBooking.testD(HotelBooking.java:218)
at sun.reflect.NativeMethodAccessorImpl.invoke0(Native Method)
at sun.reflect.NativeMethodAccessorImpl.invoke(Unknown Source)
at sun.reflect.DelegatingMethodAccessorImpl.invoke(Unknown Source)
at java.lang.reflect.Method.invoke(Unknown Source)
at org.testng.internal.MethodInvocationHelper.invokeMethod(MethodInvocationHelper.java:124)
at org.testng.internal.Invoker.invokeMethod(Invoker.java:583)
at org.testng.internal.Invoker.retryFailed(Invoker.java:839)
at org.testng.internal.Invoker.invokeTestMethods(Invoker.java:1010)
at org.testng.internal.TestMethodWorker.invokeTestMethods(TestMethodWorker.java:125)
at org.testng.internal.TestMethodWorker.run(TestMethodWorker.java:109)
at org.testng.TestRunner.privateRun(TestRunner.java:648)
at org.testng.TestRunner.run(TestRunner.java:505)
at org.testng.SuiteRunner.runTest(SuiteRunner.java:455)
at org.testng.SuiteRunner.runSequentially(SuiteRunner.java:450)
at org.testng.SuiteRunner.privateRun(SuiteRunner.java:415)
at org.testng.SuiteRunner.run(SuiteRunner.java:364)
at org.testng.SuiteRunnerWorker.runSuite(SuiteRunnerWorker.java:52)
at org.testng.SuiteRunnerWorker.run(SuiteRunnerWorker.java:84)
at org.testng.TestNG.runSuitesSequentially(TestNG.java:1208)
at org.testng.TestNG.runSuitesLocally(TestNG.java:1137)
at org.testng.TestNG.runSuites(TestNG.java:1049)
at org.testng.TestNG.run(TestNG.java:1017)
at org.testng.remote.AbstractRemoteTestNG.run(AbstractRemoteTestNG.java:114)
at org.testng.remote.RemoteTestNG.initAndRun(RemoteTestNG.java:251)
at org.testng.remote.RemoteTestNG.main(RemoteTestNG.java:77)
]]>
            </full-stacktrace>
          </exception> <!-- java.lang.ArithmeticException -->
          <reporter-output>
          </reporter-output>
        </test-method> <!-- testD -->
        <test-method status="PASS" signature="closeBrowser()[pri:0, instance:org.base.test.HotelBooking@5442a311]" name="closeBrowser" is-config="true" duration-ms="705" started-at="2020-10-10T08:24:05Z" finished-at="2020-10-10T08:24:05Z">
          <reporter-output>
          </reporter-output>
        </test-method> <!-- closeBrowser -->
      </class> <!-- org.base.test.HotelBooking -->
    </test> <!-- ChromeTest -->
  </suite> <!-- Suite -->
</testng-results>
